d:\development\adventuregame\game\x64\debug\vc143.pdb
d:\development\adventuregame\game\x64\debug\vc143.idb
d:\development\adventuregame\game\x64\debug\weapon.obj
d:\development\adventuregame\game\x64\debug\stranger.obj
d:\development\adventuregame\game\x64\debug\settings.obj
d:\development\adventuregame\game\x64\debug\player.obj
d:\development\adventuregame\game\x64\debug\location.obj
d:\development\adventuregame\game\x64\debug\inventory.obj
d:\development\adventuregame\game\x64\debug\game_func.obj
d:\development\adventuregame\game\x64\debug\game.obj
d:\development\adventuregame\game\x64\debug\enemy.obj
d:\development\adventuregame\game\x64\debug\gameui.obj
d:\development\adventuregame\game\x64\debug\colors.obj
d:\development\adventuregame\x64\debug\game.exe
d:\development\adventuregame\game\x64\debug\game.ilk
d:\development\adventuregame\x64\debug\game.pdb
d:\development\adventuregame\game\x64\debug\vc142.idb
d:\development\adventuregame\game\x64\debug\vc142.pdb
d:\development\adventuregame\game\x64\debug\game.tlog\cl.command.1.tlog
d:\development\adventuregame\game\x64\debug\game.tlog\cl.read.1.tlog
d:\development\adventuregame\game\x64\debug\game.tlog\cl.write.1.tlog
d:\development\adventuregame\game\x64\debug\game.tlog\link-cvtres.read.1.tlog
d:\development\adventuregame\game\x64\debug\game.tlog\link-cvtres.write.1.tlog
d:\development\adventuregame\game\x64\debug\game.tlog\link-rc.read.1.tlog
d:\development\adventuregame\game\x64\debug\game.tlog\link-rc.write.1.tlog
d:\development\adventuregame\game\x64\debug\game.tlog\link.5700-cvtres.read.1.tlog
d:\development\adventuregame\game\x64\debug\game.tlog\link.5700-cvtres.write.1.tlog
d:\development\adventuregame\game\x64\debug\game.tlog\link.5700-rc.read.1.tlog
d:\development\adventuregame\game\x64\debug\game.tlog\link.5700-rc.write.1.tlog
d:\development\adventuregame\game\x64\debug\game.tlog\link.5700.read.1.tlog
d:\development\adventuregame\game\x64\debug\game.tlog\link.5700.read.2.tlog
d:\development\adventuregame\game\x64\debug\game.tlog\link.5700.write.1.tlog
d:\development\adventuregame\game\x64\debug\game.tlog\link.command.1.tlog
d:\development\adventuregame\game\x64\debug\game.tlog\link.read.1.tlog
d:\development\adventuregame\game\x64\debug\game.tlog\link.read.2.tlog
d:\development\adventuregame\game\x64\debug\game.tlog\link.write.1.tlog
